<?xml version="1.0" encoding="UTF-8" ?>
<testsuite failures="0" time="0" errors="0" skipped="0" tests="1" name="chinhdo.webmonitor.AppTest">
  <properties>
    <property name="java.runtime.name" value="Java(TM) SE Runtime Environment"/>
    <property name="sun.boot.library.path" value="c:\progra~1\Java\jdk1.7.0\jre\bin"/>
    <property name="java.vm.version" value="21.0-b17"/>
    <property name="java.vm.vendor" value="Oracle Corporation"/>
    <property name="java.vendor.url" value="http://java.oracle.com/"/>
    <property name="path.separator" value=";"/>
    <property name="java.vm.name" value="Java HotSpot(TM) Client VM"/>
    <property name="file.encoding.pkg" value="sun.io"/>
    <property name="user.script" value=""/>
    <property name="user.country" value="US"/>
    <property name="sun.java.launcher" value="SUN_STANDARD"/>
    <property name="sun.os.patch.level" value="Service Pack 1"/>
    <property name="java.vm.specification.name" value="Java Virtual Machine Specification"/>
    <property name="user.dir" value="C:\Code2\WebMonitor"/>
    <property name="java.runtime.version" value="1.7.0-b147"/>
    <property name="java.awt.graphicsenv" value="sun.awt.Win32GraphicsEnvironment"/>
    <property name="basedir" value="C:\Code2\WebMonitor"/>
    <property name="java.endorsed.dirs" value="c:\progra~1\Java\jdk1.7.0\jre\lib\endorsed"/>
    <property name="os.arch" value="x86"/>
    <property name="surefire.real.class.path" value="C:\Code2\WebMonitor\target\surefire\surefirebooter1357914504723898310.jar"/>
    <property name="java.io.tmpdir" value="C:\Users\cdo\AppData\Local\Temp\"/>
    <property name="line.separator" value="
"/>
    <property name="java.vm.specification.vendor" value="Oracle Corporation"/>
    <property name="user.variant" value=""/>
    <property name="os.name" value="Windows 7"/>
    <property name="sun.jnu.encoding" value="Cp1252"/>
    <property name="java.library.path" value="c:\progra~1\Java\jdk1.7.0\jre\bin;C:\Windows\Sun\Java\bin;C:\Windows\system32;C:\Windows;C:\Program Files\IBM\WebSphere MQ\java\lib;C:\Windows\system32;C:\Windows;C:\Windows\System32\Wbem;C:\Windows\System32\WindowsPowerShell\v1.0\;C:\Program Files\TortoiseHg\;C:\Program Files\Microsoft Windows Performance Toolkit\;c:\maven\bin;c:\progra~1\Java\jdk1.7.0;C:\Program Files\IBM\WebSphere MQ\bin;C:\Program Files\IBM\WebSphere MQ\tools\c\samples\bin;."/>
    <property name="surefire.test.class.path" value="C:\Code2\WebMonitor\target\test-classes;C:\Code2\WebMonitor\target\classes;C:\Users\cdo\.m2\repository\junit\junit\3.8.1\junit-3.8.1.jar;C:\Users\cdo\.m2\repository\javax\mail\mail\1.4\mail-1.4.jar;C:\Users\cdo\.m2\repository\javax\activation\activation\1.1\activation-1.1.jar;C:\Users\cdo\.m2\repository\log4j\log4j\1.2.16\log4j-1.2.16.jar;C:\Users\cdo\.m2\repository\commons-configuration\commons-configuration\1.6\commons-configuration-1.6.jar;C:\Users\cdo\.m2\repository\commons-collections\commons-collections\3.2.1\commons-collections-3.2.1.jar;C:\Users\cdo\.m2\repository\commons-lang\commons-lang\2.4\commons-lang-2.4.jar;C:\Users\cdo\.m2\repository\commons-logging\commons-logging\1.1.1\commons-logging-1.1.1.jar;C:\Users\cdo\.m2\repository\commons-digester\commons-digester\1.8\commons-digester-1.8.jar;C:\Users\cdo\.m2\repository\commons-beanutils\commons-beanutils\1.7.0\commons-beanutils-1.7.0.jar;C:\Users\cdo\.m2\repository\commons-beanutils\commons-beanutils-core\1.8.0\commons-beanutils-core-1.8.0.jar;"/>
    <property name="java.specification.name" value="Java Platform API Specification"/>
    <property name="java.class.version" value="51.0"/>
    <property name="sun.management.compiler" value="HotSpot Client Compiler"/>
    <property name="os.version" value="6.1"/>
    <property name="user.home" value="C:\Users\cdo"/>
    <property name="user.timezone" value=""/>
    <property name="java.awt.printerjob" value="sun.awt.windows.WPrinterJob"/>
    <property name="java.specification.version" value="1.7"/>
    <property name="file.encoding" value="Cp1252"/>
    <property name="user.name" value="cdo"/>
    <property name="java.class.path" value="C:\Code2\WebMonitor\target\test-classes;C:\Code2\WebMonitor\target\classes;C:\Users\cdo\.m2\repository\junit\junit\3.8.1\junit-3.8.1.jar;C:\Users\cdo\.m2\repository\javax\mail\mail\1.4\mail-1.4.jar;C:\Users\cdo\.m2\repository\javax\activation\activation\1.1\activation-1.1.jar;C:\Users\cdo\.m2\repository\log4j\log4j\1.2.16\log4j-1.2.16.jar;C:\Users\cdo\.m2\repository\commons-configuration\commons-configuration\1.6\commons-configuration-1.6.jar;C:\Users\cdo\.m2\repository\commons-collections\commons-collections\3.2.1\commons-collections-3.2.1.jar;C:\Users\cdo\.m2\repository\commons-lang\commons-lang\2.4\commons-lang-2.4.jar;C:\Users\cdo\.m2\repository\commons-logging\commons-logging\1.1.1\commons-logging-1.1.1.jar;C:\Users\cdo\.m2\repository\commons-digester\commons-digester\1.8\commons-digester-1.8.jar;C:\Users\cdo\.m2\repository\commons-beanutils\commons-beanutils\1.7.0\commons-beanutils-1.7.0.jar;C:\Users\cdo\.m2\repository\commons-beanutils\commons-beanutils-core\1.8.0\commons-beanutils-core-1.8.0.jar;"/>
    <property name="java.vm.specification.version" value="1.7"/>
    <property name="sun.arch.data.model" value="32"/>
    <property name="java.home" value="c:\progra~1\Java\jdk1.7.0\jre"/>
    <property name="sun.java.command" value="C:\Code2\WebMonitor\target\surefire\surefirebooter1357914504723898310.jar C:\Code2\WebMonitor\target\surefire\surefire717399223776106871tmp C:\Code2\WebMonitor\target\surefire\surefire338811607730169280tmp"/>
    <property name="java.specification.vendor" value="Oracle Corporation"/>
    <property name="user.language" value="en"/>
    <property name="awt.toolkit" value="sun.awt.windows.WToolkit"/>
    <property name="java.vm.info" value="mixed mode, sharing"/>
    <property name="java.version" value="1.7.0"/>
    <property name="java.ext.dirs" value="c:\progra~1\Java\jdk1.7.0\jre\lib\ext;C:\Windows\Sun\Java\lib\ext"/>
    <property name="sun.boot.class.path" value="c:\progra~1\Java\jdk1.7.0\jre\lib\resources.jar;c:\progra~1\Java\jdk1.7.0\jre\lib\rt.jar;c:\progra~1\Java\jdk1.7.0\jre\lib\sunrsasign.jar;c:\progra~1\Java\jdk1.7.0\jre\lib\jsse.jar;c:\progra~1\Java\jdk1.7.0\jre\lib\jce.jar;c:\progra~1\Java\jdk1.7.0\jre\lib\charsets.jar;c:\progra~1\Java\jdk1.7.0\jre\classes"/>
    <property name="java.vendor" value="Oracle Corporation"/>
    <property name="localRepository" value="C:\Users\cdo\.m2\repository"/>
    <property name="file.separator" value="\"/>
    <property name="java.vendor.url.bug" value="http://bugreport.sun.com/bugreport/"/>
    <property name="sun.cpu.endian" value="little"/>
    <property name="sun.io.unicode.encoding" value="UnicodeLittle"/>
    <property name="sun.desktop" value="windows"/>
    <property name="sun.cpu.isalist" value="pentium_pro+mmx pentium_pro pentium+mmx pentium i486 i386 i86"/>
  </properties>
  <testcase time="0" classname="chinhdo.webmonitor.AppTest" name="testApp"/>
</testsuite>